{
  "/home/alancb/estudo/playgrounds/playground-react/app/src/App.tsx": {
    "path": "/home/alancb/estudo/playgrounds/playground-react/app/src/App.tsx",
    "all": false,
    "statementMap": {
      "0": { "start": { "line": 1, "column": 0 }, "end": { "line": 1, "column": 33 } },
      "1": { "start": { "line": 2, "column": 0 }, "end": { "line": 2, "column": 59 } },
      "2": { "start": { "line": 3, "column": 0 }, "end": { "line": 3, "column": 0 } },
      "3": { "start": { "line": 4, "column": 0 }, "end": { "line": 4, "column": 33 } },
      "4": { "start": { "line": 5, "column": 0 }, "end": { "line": 5, "column": 28 } },
      "5": { "start": { "line": 6, "column": 0 }, "end": { "line": 6, "column": 0 } },
      "6": { "start": { "line": 7, "column": 0 }, "end": { "line": 7, "column": 32 } },
      "7": { "start": { "line": 8, "column": 0 }, "end": { "line": 8, "column": 10 } },
      "8": { "start": { "line": 9, "column": 0 }, "end": { "line": 9, "column": 33 } },
      "9": { "start": { "line": 10, "column": 0 }, "end": { "line": 10, "column": 14 } },
      "10": { "start": { "line": 11, "column": 0 }, "end": { "line": 11, "column": 21 } },
      "11": { "start": { "line": 12, "column": 0 }, "end": { "line": 12, "column": 15 } },
      "12": { "start": { "line": 13, "column": 0 }, "end": { "line": 13, "column": 15 } },
      "13": { "start": { "line": 14, "column": 0 }, "end": { "line": 14, "column": 4 } },
      "14": { "start": { "line": 15, "column": 0 }, "end": { "line": 15, "column": 2 } },
      "15": { "start": { "line": 16, "column": 0 }, "end": { "line": 16, "column": 0 } },
      "16": { "start": { "line": 17, "column": 0 }, "end": { "line": 17, "column": 19 } }
    },
    "s": {
      "0": 1,
      "1": 1,
      "2": 1,
      "3": 1,
      "4": 1,
      "5": 1,
      "6": 1,
      "7": 1,
      "8": 1,
      "9": 1,
      "10": 1,
      "11": 1,
      "12": 1,
      "13": 1,
      "14": 1,
      "15": 1,
      "16": 1
    },
    "branchMap": {
      "0": {
        "type": "branch",
        "line": 7,
        "loc": { "start": { "line": 7, "column": 12 }, "end": { "line": 15, "column": 2 } },
        "locations": [{ "start": { "line": 7, "column": 12 }, "end": { "line": 15, "column": 2 } }]
      }
    },
    "b": { "0": [1] },
    "fnMap": {
      "0": {
        "name": "App",
        "decl": { "start": { "line": 7, "column": 12 }, "end": { "line": 15, "column": 2 } },
        "loc": { "start": { "line": 7, "column": 12 }, "end": { "line": 15, "column": 2 } },
        "line": 7
      }
    },
    "f": { "0": 1 }
  },
  "/home/alancb/estudo/playgrounds/playground-react/app/src/components/Button/Button.tsx": {
    "path": "/home/alancb/estudo/playgrounds/playground-react/app/src/components/Button/Button.tsx",
    "all": false,
    "statementMap": {
      "0": { "start": { "line": 1, "column": 0 }, "end": { "line": 1, "column": 29 } },
      "1": { "start": { "line": 2, "column": 0 }, "end": { "line": 2, "column": 46 } },
      "2": { "start": { "line": 3, "column": 0 }, "end": { "line": 3, "column": 2 } }
    },
    "s": { "0": 1, "1": 1, "2": 1 },
    "branchMap": {
      "0": {
        "type": "branch",
        "line": 1,
        "loc": { "start": { "line": 1, "column": 22 }, "end": { "line": 3, "column": 2 } },
        "locations": [{ "start": { "line": 1, "column": 22 }, "end": { "line": 3, "column": 2 } }]
      }
    },
    "b": { "0": [1] },
    "fnMap": {
      "0": {
        "name": "Button",
        "decl": { "start": { "line": 1, "column": 22 }, "end": { "line": 3, "column": 2 } },
        "loc": { "start": { "line": 1, "column": 22 }, "end": { "line": 3, "column": 2 } },
        "line": 1
      }
    },
    "f": { "0": 1 }
  },
  "/home/alancb/estudo/playgrounds/playground-react/app/src/components/Enum/Enum.tsx": {
    "path": "/home/alancb/estudo/playgrounds/playground-react/app/src/components/Enum/Enum.tsx",
    "all": false,
    "statementMap": {
      "0": { "start": { "line": 1, "column": 0 }, "end": { "line": 1, "column": 38 } },
      "1": { "start": { "line": 2, "column": 0 }, "end": { "line": 2, "column": 0 } },
      "2": { "start": { "line": 3, "column": 0 }, "end": { "line": 3, "column": 40 } },
      "3": { "start": { "line": 4, "column": 0 }, "end": { "line": 4, "column": 22 } },
      "4": { "start": { "line": 5, "column": 0 }, "end": { "line": 5, "column": 2 } }
    },
    "s": { "0": 1, "1": 1, "2": 1, "3": 1, "4": 1 },
    "branchMap": {
      "0": {
        "type": "branch",
        "line": 3,
        "loc": { "start": { "line": 3, "column": 20 }, "end": { "line": 5, "column": 2 } },
        "locations": [{ "start": { "line": 3, "column": 20 }, "end": { "line": 5, "column": 2 } }]
      }
    },
    "b": { "0": [1] },
    "fnMap": {
      "0": {
        "name": "Enum",
        "decl": { "start": { "line": 3, "column": 20 }, "end": { "line": 5, "column": 2 } },
        "loc": { "start": { "line": 3, "column": 20 }, "end": { "line": 5, "column": 2 } },
        "line": 3
      }
    },
    "f": { "0": 1 }
  },
  "/home/alancb/estudo/playgrounds/playground-react/app/src/components/Enum/EnumView.tsx": {
    "path": "/home/alancb/estudo/playgrounds/playground-react/app/src/components/Enum/EnumView.tsx",
    "all": false,
    "statementMap": {
      "0": { "start": { "line": 1, "column": 0 }, "end": { "line": 1, "column": 11 } },
      "1": { "start": { "line": 2, "column": 0 }, "end": { "line": 2, "column": 8 } },
      "2": { "start": { "line": 3, "column": 0 }, "end": { "line": 3, "column": 9 } },
      "3": { "start": { "line": 4, "column": 0 }, "end": { "line": 4, "column": 14 } },
      "4": { "start": { "line": 5, "column": 0 }, "end": { "line": 5, "column": 1 } },
      "5": { "start": { "line": 6, "column": 0 }, "end": { "line": 6, "column": 0 } },
      "6": { "start": { "line": 7, "column": 0 }, "end": { "line": 7, "column": 44 } },
      "7": { "start": { "line": 8, "column": 0 }, "end": { "line": 8, "column": 10 } },
      "8": { "start": { "line": 9, "column": 0 }, "end": { "line": 9, "column": 32 } },
      "9": { "start": { "line": 10, "column": 0 }, "end": { "line": 10, "column": 19 } },
      "10": { "start": { "line": 11, "column": 0 }, "end": { "line": 11, "column": 9 } },
      "11": { "start": { "line": 12, "column": 0 }, "end": { "line": 12, "column": 99 } },
      "12": { "start": { "line": 13, "column": 0 }, "end": { "line": 13, "column": 21 } },
      "13": { "start": { "line": 14, "column": 0 }, "end": { "line": 14, "column": 10 } },
      "14": { "start": { "line": 15, "column": 0 }, "end": { "line": 15, "column": 34 } },
      "15": { "start": { "line": 16, "column": 0 }, "end": { "line": 16, "column": 36 } },
      "16": { "start": { "line": 17, "column": 0 }, "end": { "line": 17, "column": 34 } },
      "17": { "start": { "line": 18, "column": 0 }, "end": { "line": 18, "column": 10 } },
      "18": { "start": { "line": 19, "column": 0 }, "end": { "line": 19, "column": 4 } },
      "19": { "start": { "line": 20, "column": 0 }, "end": { "line": 20, "column": 2 } }
    },
    "s": {
      "0": 1,
      "1": 1,
      "2": 1,
      "3": 1,
      "4": 1,
      "5": 1,
      "6": 1,
      "7": 1,
      "8": 1,
      "9": 1,
      "10": 1,
      "11": 1,
      "12": 1,
      "13": 1,
      "14": 1,
      "15": 1,
      "16": 1,
      "17": 1,
      "18": 1,
      "19": 1
    },
    "branchMap": {
      "0": {
        "type": "branch",
        "line": 1,
        "loc": { "start": { "line": 1, "column": 5 }, "end": { "line": 1, "column": 11 } },
        "locations": [{ "start": { "line": 1, "column": 5 }, "end": { "line": 1, "column": 11 } }]
      },
      "1": {
        "type": "branch",
        "line": 7,
        "loc": { "start": { "line": 7, "column": 24 }, "end": { "line": 20, "column": 2 } },
        "locations": [{ "start": { "line": 7, "column": 24 }, "end": { "line": 20, "column": 2 } }]
      }
    },
    "b": { "0": [2], "1": [1] },
    "fnMap": {
      "0": {
        "name": "EnumView",
        "decl": { "start": { "line": 7, "column": 24 }, "end": { "line": 20, "column": 2 } },
        "loc": { "start": { "line": 7, "column": 24 }, "end": { "line": 20, "column": 2 } },
        "line": 7
      }
    },
    "f": { "0": 1 }
  },
  "/home/alancb/estudo/playgrounds/playground-react/app/src/components/Header/Header.constants.ts": {
    "path": "/home/alancb/estudo/playgrounds/playground-react/app/src/components/Header/Header.constants.ts",
    "all": false,
    "statementMap": {
      "0": { "start": { "line": 1, "column": 0 }, "end": { "line": 1, "column": 49 } },
      "1": { "start": { "line": 2, "column": 0 }, "end": { "line": 2, "column": 0 } },
      "2": { "start": { "line": 3, "column": 0 }, "end": { "line": 3, "column": 29 } },
      "3": { "start": { "line": 4, "column": 0 }, "end": { "line": 4, "column": 3 } },
      "4": { "start": { "line": 5, "column": 0 }, "end": { "line": 5, "column": 21 } },
      "5": { "start": { "line": 6, "column": 0 }, "end": { "line": 6, "column": 14 } },
      "6": { "start": { "line": 7, "column": 0 }, "end": { "line": 7, "column": 4 } },
      "7": { "start": { "line": 8, "column": 0 }, "end": { "line": 8, "column": 3 } },
      "8": { "start": { "line": 9, "column": 0 }, "end": { "line": 9, "column": 26 } },
      "9": { "start": { "line": 10, "column": 0 }, "end": { "line": 10, "column": 14 } },
      "10": { "start": { "line": 11, "column": 0 }, "end": { "line": 11, "column": 4 } },
      "11": { "start": { "line": 12, "column": 0 }, "end": { "line": 12, "column": 3 } },
      "12": { "start": { "line": 13, "column": 0 }, "end": { "line": 13, "column": 20 } },
      "13": { "start": { "line": 14, "column": 0 }, "end": { "line": 14, "column": 14 } },
      "14": { "start": { "line": 15, "column": 0 }, "end": { "line": 15, "column": 4 } },
      "15": { "start": { "line": 16, "column": 0 }, "end": { "line": 16, "column": 3 } },
      "16": { "start": { "line": 17, "column": 0 }, "end": { "line": 17, "column": 22 } },
      "17": { "start": { "line": 18, "column": 0 }, "end": { "line": 18, "column": 14 } },
      "18": { "start": { "line": 19, "column": 0 }, "end": { "line": 19, "column": 4 } },
      "19": { "start": { "line": 20, "column": 0 }, "end": { "line": 20, "column": 3 } },
      "20": { "start": { "line": 21, "column": 0 }, "end": { "line": 21, "column": 31 } },
      "21": { "start": { "line": 22, "column": 0 }, "end": { "line": 22, "column": 14 } },
      "22": { "start": { "line": 23, "column": 0 }, "end": { "line": 23, "column": 4 } },
      "23": { "start": { "line": 24, "column": 0 }, "end": { "line": 24, "column": 3 } },
      "24": { "start": { "line": 25, "column": 0 }, "end": { "line": 25, "column": 23 } },
      "25": { "start": { "line": 26, "column": 0 }, "end": { "line": 26, "column": 14 } },
      "26": { "start": { "line": 27, "column": 0 }, "end": { "line": 27, "column": 4 } },
      "27": { "start": { "line": 28, "column": 0 }, "end": { "line": 28, "column": 2 } },
      "28": { "start": { "line": 29, "column": 0 }, "end": { "line": 29, "column": 0 } },
      "29": { "start": { "line": 30, "column": 0 }, "end": { "line": 30, "column": 66 } },
      "30": { "start": { "line": 31, "column": 0 }, "end": { "line": 31, "column": 31 } },
      "31": { "start": { "line": 32, "column": 0 }, "end": { "line": 32, "column": 29 } },
      "32": { "start": { "line": 33, "column": 0 }, "end": { "line": 33, "column": 27 } },
      "33": { "start": { "line": 34, "column": 0 }, "end": { "line": 34, "column": 2 } }
    },
    "s": {
      "0": 1,
      "1": 1,
      "2": 1,
      "3": 1,
      "4": 1,
      "5": 1,
      "6": 1,
      "7": 1,
      "8": 1,
      "9": 1,
      "10": 1,
      "11": 1,
      "12": 1,
      "13": 1,
      "14": 1,
      "15": 1,
      "16": 1,
      "17": 1,
      "18": 1,
      "19": 1,
      "20": 1,
      "21": 1,
      "22": 1,
      "23": 1,
      "24": 1,
      "25": 1,
      "26": 1,
      "27": 1,
      "28": 1,
      "29": 1,
      "30": 1,
      "31": 1,
      "32": 1,
      "33": 1
    },
    "branchMap": {},
    "b": {},
    "fnMap": {},
    "f": {}
  },
  "/home/alancb/estudo/playgrounds/playground-react/app/src/components/Header/Header.tsx": {
    "path": "/home/alancb/estudo/playgrounds/playground-react/app/src/components/Header/Header.tsx",
    "all": false,
    "statementMap": {
      "0": { "start": { "line": 1, "column": 0 }, "end": { "line": 1, "column": 60 } },
      "1": { "start": { "line": 2, "column": 0 }, "end": { "line": 2, "column": 45 } },
      "2": { "start": { "line": 3, "column": 0 }, "end": { "line": 3, "column": 42 } },
      "3": { "start": { "line": 4, "column": 0 }, "end": { "line": 4, "column": 0 } },
      "4": { "start": { "line": 5, "column": 0 }, "end": { "line": 5, "column": 42 } },
      "5": { "start": { "line": 6, "column": 0 }, "end": { "line": 6, "column": 42 } },
      "6": { "start": { "line": 7, "column": 0 }, "end": { "line": 7, "column": 62 } },
      "7": { "start": { "line": 8, "column": 0 }, "end": { "line": 8, "column": 0 } },
      "8": { "start": { "line": 9, "column": 0 }, "end": { "line": 9, "column": 84 } },
      "9": { "start": { "line": 10, "column": 0 }, "end": { "line": 10, "column": 2 } }
    },
    "s": { "0": 1, "1": 1, "2": 1, "3": 1, "4": 1, "5": 1, "6": 1, "7": 1, "8": 1, "9": 1 },
    "branchMap": {
      "0": {
        "type": "branch",
        "line": 5,
        "loc": { "start": { "line": 5, "column": 22 }, "end": { "line": 10, "column": 2 } },
        "locations": [{ "start": { "line": 5, "column": 22 }, "end": { "line": 10, "column": 2 } }]
      }
    },
    "b": { "0": [1] },
    "fnMap": {
      "0": {
        "name": "Header",
        "decl": { "start": { "line": 5, "column": 22 }, "end": { "line": 10, "column": 2 } },
        "loc": { "start": { "line": 5, "column": 22 }, "end": { "line": 10, "column": 2 } },
        "line": 5
      }
    },
    "f": { "0": 1 }
  },
  "/home/alancb/estudo/playgrounds/playground-react/app/src/components/Header/Header.types.ts": {
    "path": "/home/alancb/estudo/playgrounds/playground-react/app/src/components/Header/Header.types.ts",
    "all": false,
    "statementMap": {
      "0": { "start": { "line": 1, "column": 0 }, "end": { "line": 1, "column": 51 } },
      "1": { "start": { "line": 2, "column": 0 }, "end": { "line": 2, "column": 0 } },
      "2": { "start": { "line": 3, "column": 0 }, "end": { "line": 3, "column": 29 } },
      "3": { "start": { "line": 4, "column": 0 }, "end": { "line": 4, "column": 18 } },
      "4": { "start": { "line": 5, "column": 0 }, "end": { "line": 5, "column": 16 } },
      "5": { "start": { "line": 6, "column": 0 }, "end": { "line": 6, "column": 14 } },
      "6": { "start": { "line": 7, "column": 0 }, "end": { "line": 7, "column": 1 } },
      "7": { "start": { "line": 8, "column": 0 }, "end": { "line": 8, "column": 34 } },
      "8": { "start": { "line": 9, "column": 0 }, "end": { "line": 9, "column": 27 } },
      "9": { "start": { "line": 10, "column": 0 }, "end": { "line": 10, "column": 26 } },
      "10": { "start": { "line": 11, "column": 0 }, "end": { "line": 11, "column": 1 } }
    },
    "s": {
      "0": 1,
      "1": 1,
      "2": 1,
      "3": 1,
      "4": 1,
      "5": 1,
      "6": 1,
      "7": 1,
      "8": 1,
      "9": 1,
      "10": 1
    },
    "branchMap": {
      "0": {
        "type": "branch",
        "line": 3,
        "loc": { "start": { "line": 3, "column": 12 }, "end": { "line": 3, "column": 29 } },
        "locations": [{ "start": { "line": 3, "column": 12 }, "end": { "line": 3, "column": 29 } }]
      }
    },
    "b": { "0": [3] },
    "fnMap": {},
    "f": {}
  },
  "/home/alancb/estudo/playgrounds/playground-react/app/src/components/Header/HeaderView.tsx": {
    "path": "/home/alancb/estudo/playgrounds/playground-react/app/src/components/Header/HeaderView.tsx",
    "all": false,
    "statementMap": {
      "0": { "start": { "line": 1, "column": 0 }, "end": { "line": 1, "column": 40 } },
      "1": { "start": { "line": 2, "column": 0 }, "end": { "line": 2, "column": 0 } },
      "2": { "start": { "line": 3, "column": 0 }, "end": { "line": 3, "column": 52 } },
      "3": { "start": { "line": 4, "column": 0 }, "end": { "line": 4, "column": 34 } },
      "4": { "start": { "line": 5, "column": 0 }, "end": { "line": 5, "column": 0 } },
      "5": { "start": { "line": 6, "column": 0 }, "end": { "line": 6, "column": 50 } },
      "6": { "start": { "line": 7, "column": 0 }, "end": { "line": 7, "column": 49 } },
      "7": { "start": { "line": 8, "column": 0 }, "end": { "line": 8, "column": 0 } },
      "8": { "start": { "line": 9, "column": 0 }, "end": { "line": 9, "column": 95 } },
      "9": { "start": { "line": 10, "column": 0 }, "end": { "line": 10, "column": 58 } },
      "10": { "start": { "line": 11, "column": 0 }, "end": { "line": 11, "column": 25 } },
      "11": { "start": { "line": 12, "column": 0 }, "end": { "line": 12, "column": 46 } },
      "12": { "start": { "line": 13, "column": 0 }, "end": { "line": 13, "column": 9 } },
      "13": { "start": { "line": 14, "column": 0 }, "end": { "line": 14, "column": 5 } },
      "14": { "start": { "line": 15, "column": 0 }, "end": { "line": 15, "column": 0 } },
      "15": { "start": { "line": 16, "column": 0 }, "end": { "line": 16, "column": 10 } },
      "16": { "start": { "line": 17, "column": 0 }, "end": { "line": 17, "column": 39 } },
      "17": { "start": { "line": 18, "column": 0 }, "end": { "line": 18, "column": 35 } },
      "18": { "start": { "line": 19, "column": 0 }, "end": { "line": 19, "column": 41 } },
      "19": { "start": { "line": 20, "column": 0 }, "end": { "line": 20, "column": 52 } },
      "20": { "start": { "line": 21, "column": 0 }, "end": { "line": 21, "column": 43 } },
      "21": { "start": { "line": 22, "column": 0 }, "end": { "line": 22, "column": 17 } },
      "22": { "start": { "line": 23, "column": 0 }, "end": { "line": 23, "column": 0 } },
      "23": { "start": { "line": 24, "column": 0 }, "end": { "line": 24, "column": 39 } },
      "24": { "start": { "line": 25, "column": 0 }, "end": { "line": 25, "column": 42 } },
      "25": { "start": { "line": 26, "column": 0 }, "end": { "line": 26, "column": 16 } },
      "26": { "start": { "line": 27, "column": 0 }, "end": { "line": 27, "column": 0 } },
      "27": { "start": { "line": 28, "column": 0 }, "end": { "line": 28, "column": 81 } },
      "28": { "start": { "line": 29, "column": 0 }, "end": { "line": 29, "column": 14 } },
      "29": { "start": { "line": 30, "column": 0 }, "end": { "line": 30, "column": 12 } },
      "30": { "start": { "line": 31, "column": 0 }, "end": { "line": 31, "column": 10 } },
      "31": { "start": { "line": 32, "column": 0 }, "end": { "line": 32, "column": 4 } },
      "32": { "start": { "line": 33, "column": 0 }, "end": { "line": 33, "column": 2 } }
    },
    "s": {
      "0": 1,
      "1": 1,
      "2": 1,
      "3": 1,
      "4": 1,
      "5": 1,
      "6": 1,
      "7": 1,
      "8": 1,
      "9": 3,
      "10": 3,
      "11": 3,
      "12": 3,
      "13": 3,
      "14": 3,
      "15": 3,
      "16": 3,
      "17": 3,
      "18": 3,
      "19": 3,
      "20": 3,
      "21": 3,
      "22": 3,
      "23": 3,
      "24": 3,
      "25": 3,
      "26": 3,
      "27": 3,
      "28": 3,
      "29": 3,
      "30": 3,
      "31": 3,
      "32": 3
    },
    "branchMap": {
      "0": {
        "type": "branch",
        "line": 9,
        "loc": { "start": { "line": 9, "column": 26 }, "end": { "line": 33, "column": 2 } },
        "locations": [{ "start": { "line": 9, "column": 26 }, "end": { "line": 33, "column": 2 } }]
      },
      "1": {
        "type": "branch",
        "line": 10,
        "loc": { "start": { "line": 10, "column": 47 }, "end": { "line": 10, "column": 48 } },
        "locations": [
          { "start": { "line": 10, "column": 47 }, "end": { "line": 10, "column": 48 } }
        ]
      }
    },
    "b": { "0": [3], "1": [18] },
    "fnMap": {
      "0": {
        "name": "HeaderView",
        "decl": { "start": { "line": 9, "column": 26 }, "end": { "line": 33, "column": 2 } },
        "loc": { "start": { "line": 9, "column": 26 }, "end": { "line": 33, "column": 2 } },
        "line": 9
      }
    },
    "f": { "0": 3 }
  },
  "/home/alancb/estudo/playgrounds/playground-react/app/src/components/Interface/Interface.tsx": {
    "path": "/home/alancb/estudo/playgrounds/playground-react/app/src/components/Interface/Interface.tsx",
    "all": false,
    "statementMap": {
      "0": { "start": { "line": 1, "column": 0 }, "end": { "line": 1, "column": 48 } },
      "1": { "start": { "line": 2, "column": 0 }, "end": { "line": 2, "column": 0 } },
      "2": { "start": { "line": 3, "column": 0 }, "end": { "line": 3, "column": 45 } },
      "3": { "start": { "line": 4, "column": 0 }, "end": { "line": 4, "column": 27 } },
      "4": { "start": { "line": 5, "column": 0 }, "end": { "line": 5, "column": 2 } }
    },
    "s": { "0": 1, "1": 1, "2": 1, "3": 1, "4": 1 },
    "branchMap": {
      "0": {
        "type": "branch",
        "line": 3,
        "loc": { "start": { "line": 3, "column": 25 }, "end": { "line": 5, "column": 2 } },
        "locations": [{ "start": { "line": 3, "column": 25 }, "end": { "line": 5, "column": 2 } }]
      }
    },
    "b": { "0": [1] },
    "fnMap": {
      "0": {
        "name": "Interface",
        "decl": { "start": { "line": 3, "column": 25 }, "end": { "line": 5, "column": 2 } },
        "loc": { "start": { "line": 3, "column": 25 }, "end": { "line": 5, "column": 2 } },
        "line": 3
      }
    },
    "f": { "0": 1 }
  },
  "/home/alancb/estudo/playgrounds/playground-react/app/src/components/Interface/InterfaceView.tsx": {
    "path": "/home/alancb/estudo/playgrounds/playground-react/app/src/components/Interface/InterfaceView.tsx",
    "all": false,
    "statementMap": {
      "0": { "start": { "line": 1, "column": 0 }, "end": { "line": 1, "column": 16 } },
      "1": { "start": { "line": 2, "column": 0 }, "end": { "line": 2, "column": 16 } },
      "2": { "start": { "line": 3, "column": 0 }, "end": { "line": 3, "column": 17 } },
      "3": { "start": { "line": 4, "column": 0 }, "end": { "line": 4, "column": 16 } },
      "4": { "start": { "line": 5, "column": 0 }, "end": { "line": 5, "column": 1 } },
      "5": { "start": { "line": 6, "column": 0 }, "end": { "line": 6, "column": 0 } },
      "6": { "start": { "line": 7, "column": 0 }, "end": { "line": 7, "column": 49 } },
      "7": { "start": { "line": 8, "column": 0 }, "end": { "line": 8, "column": 23 } },
      "8": { "start": { "line": 9, "column": 0 }, "end": { "line": 9, "column": 19 } },
      "9": { "start": { "line": 10, "column": 0 }, "end": { "line": 10, "column": 21 } },
      "10": { "start": { "line": 11, "column": 0 }, "end": { "line": 11, "column": 19 } },
      "11": { "start": { "line": 12, "column": 0 }, "end": { "line": 12, "column": 4 } },
      "12": { "start": { "line": 13, "column": 0 }, "end": { "line": 13, "column": 0 } },
      "13": { "start": { "line": 14, "column": 0 }, "end": { "line": 14, "column": 10 } },
      "14": { "start": { "line": 15, "column": 0 }, "end": { "line": 15, "column": 32 } },
      "15": { "start": { "line": 16, "column": 0 }, "end": { "line": 16, "column": 19 } },
      "16": { "start": { "line": 17, "column": 0 }, "end": { "line": 17, "column": 11 } },
      "17": { "start": { "line": 18, "column": 0 }, "end": { "line": 18, "column": 35 } },
      "18": { "start": { "line": 19, "column": 0 }, "end": { "line": 19, "column": 37 } },
      "19": { "start": { "line": 20, "column": 0 }, "end": { "line": 20, "column": 35 } },
      "20": { "start": { "line": 21, "column": 0 }, "end": { "line": 21, "column": 10 } },
      "21": { "start": { "line": 22, "column": 0 }, "end": { "line": 22, "column": 4 } },
      "22": { "start": { "line": 23, "column": 0 }, "end": { "line": 23, "column": 2 } }
    },
    "s": {
      "0": 1,
      "1": 1,
      "2": 1,
      "3": 1,
      "4": 1,
      "5": 1,
      "6": 1,
      "7": 1,
      "8": 1,
      "9": 1,
      "10": 1,
      "11": 1,
      "12": 1,
      "13": 1,
      "14": 1,
      "15": 1,
      "16": 1,
      "17": 1,
      "18": 1,
      "19": 1,
      "20": 1,
      "21": 1,
      "22": 1
    },
    "branchMap": {
      "0": {
        "type": "branch",
        "line": 7,
        "loc": { "start": { "line": 7, "column": 29 }, "end": { "line": 23, "column": 2 } },
        "locations": [{ "start": { "line": 7, "column": 29 }, "end": { "line": 23, "column": 2 } }]
      }
    },
    "b": { "0": [1] },
    "fnMap": {
      "0": {
        "name": "InterfaceView",
        "decl": { "start": { "line": 7, "column": 29 }, "end": { "line": 23, "column": 2 } },
        "loc": { "start": { "line": 7, "column": 29 }, "end": { "line": 23, "column": 2 } },
        "line": 7
      }
    },
    "f": { "0": 1 }
  },
  "/home/alancb/estudo/playgrounds/playground-react/app/src/components/Type/Type.tsx": {
    "path": "/home/alancb/estudo/playgrounds/playground-react/app/src/components/Type/Type.tsx",
    "all": false,
    "statementMap": {
      "0": { "start": { "line": 1, "column": 0 }, "end": { "line": 1, "column": 38 } },
      "1": { "start": { "line": 2, "column": 0 }, "end": { "line": 2, "column": 0 } },
      "2": { "start": { "line": 3, "column": 0 }, "end": { "line": 3, "column": 40 } },
      "3": { "start": { "line": 4, "column": 0 }, "end": { "line": 4, "column": 22 } },
      "4": { "start": { "line": 5, "column": 0 }, "end": { "line": 5, "column": 2 } }
    },
    "s": { "0": 1, "1": 1, "2": 1, "3": 1, "4": 1 },
    "branchMap": {
      "0": {
        "type": "branch",
        "line": 3,
        "loc": { "start": { "line": 3, "column": 20 }, "end": { "line": 5, "column": 2 } },
        "locations": [{ "start": { "line": 3, "column": 20 }, "end": { "line": 5, "column": 2 } }]
      }
    },
    "b": { "0": [1] },
    "fnMap": {
      "0": {
        "name": "Type",
        "decl": { "start": { "line": 3, "column": 20 }, "end": { "line": 5, "column": 2 } },
        "loc": { "start": { "line": 3, "column": 20 }, "end": { "line": 5, "column": 2 } },
        "line": 3
      }
    },
    "f": { "0": 1 }
  },
  "/home/alancb/estudo/playgrounds/playground-react/app/src/components/Type/TypeView.tsx": {
    "path": "/home/alancb/estudo/playgrounds/playground-react/app/src/components/Type/TypeView.tsx",
    "all": false,
    "statementMap": {
      "0": { "start": { "line": 1, "column": 0 }, "end": { "line": 1, "column": 41 } },
      "1": { "start": { "line": 2, "column": 0 }, "end": { "line": 2, "column": 0 } },
      "2": { "start": { "line": 3, "column": 0 }, "end": { "line": 3, "column": 44 } },
      "3": { "start": { "line": 4, "column": 0 }, "end": { "line": 4, "column": 34 } },
      "4": { "start": { "line": 5, "column": 0 }, "end": { "line": 5, "column": 36 } },
      "5": { "start": { "line": 6, "column": 0 }, "end": { "line": 6, "column": 34 } },
      "6": { "start": { "line": 7, "column": 0 }, "end": { "line": 7, "column": 0 } },
      "7": { "start": { "line": 8, "column": 0 }, "end": { "line": 8, "column": 10 } },
      "8": { "start": { "line": 9, "column": 0 }, "end": { "line": 9, "column": 32 } },
      "9": { "start": { "line": 10, "column": 0 }, "end": { "line": 10, "column": 19 } },
      "10": { "start": { "line": 11, "column": 0 }, "end": { "line": 11, "column": 11 } },
      "11": { "start": { "line": 12, "column": 0 }, "end": { "line": 12, "column": 33 } },
      "12": { "start": { "line": 13, "column": 0 }, "end": { "line": 13, "column": 35 } },
      "13": { "start": { "line": 14, "column": 0 }, "end": { "line": 14, "column": 33 } },
      "14": { "start": { "line": 15, "column": 0 }, "end": { "line": 15, "column": 10 } },
      "15": { "start": { "line": 16, "column": 0 }, "end": { "line": 16, "column": 4 } },
      "16": { "start": { "line": 17, "column": 0 }, "end": { "line": 17, "column": 2 } }
    },
    "s": {
      "0": 1,
      "1": 1,
      "2": 1,
      "3": 1,
      "4": 1,
      "5": 1,
      "6": 1,
      "7": 1,
      "8": 1,
      "9": 1,
      "10": 1,
      "11": 1,
      "12": 1,
      "13": 1,
      "14": 1,
      "15": 1,
      "16": 1
    },
    "branchMap": {
      "0": {
        "type": "branch",
        "line": 3,
        "loc": { "start": { "line": 3, "column": 24 }, "end": { "line": 17, "column": 2 } },
        "locations": [{ "start": { "line": 3, "column": 24 }, "end": { "line": 17, "column": 2 } }]
      }
    },
    "b": { "0": [1] },
    "fnMap": {
      "0": {
        "name": "TypeView",
        "decl": { "start": { "line": 3, "column": 24 }, "end": { "line": 17, "column": 2 } },
        "loc": { "start": { "line": 3, "column": 24 }, "end": { "line": 17, "column": 2 } },
        "line": 3
      }
    },
    "f": { "0": 1 }
  },
  "/home/alancb/estudo/playgrounds/playground-react/app/src/pages/HomePage/HomePage.tsx": {
    "path": "/home/alancb/estudo/playgrounds/playground-react/app/src/pages/HomePage/HomePage.tsx",
    "all": false,
    "statementMap": {
      "0": { "start": { "line": 1, "column": 0 }, "end": { "line": 1, "column": 39 } },
      "1": { "start": { "line": 2, "column": 0 }, "end": { "line": 2, "column": 43 } },
      "2": { "start": { "line": 3, "column": 0 }, "end": { "line": 3, "column": 49 } },
      "3": { "start": { "line": 4, "column": 0 }, "end": { "line": 4, "column": 39 } },
      "4": { "start": { "line": 5, "column": 0 }, "end": { "line": 5, "column": 0 } },
      "5": { "start": { "line": 6, "column": 0 }, "end": { "line": 6, "column": 37 } },
      "6": { "start": { "line": 7, "column": 0 }, "end": { "line": 7, "column": 10 } },
      "7": { "start": { "line": 8, "column": 0 }, "end": { "line": 8, "column": 9 } },
      "8": { "start": { "line": 9, "column": 0 }, "end": { "line": 9, "column": 16 } },
      "9": { "start": { "line": 10, "column": 0 }, "end": { "line": 10, "column": 14 } },
      "10": { "start": { "line": 11, "column": 0 }, "end": { "line": 11, "column": 19 } },
      "11": { "start": { "line": 12, "column": 0 }, "end": { "line": 12, "column": 14 } },
      "12": { "start": { "line": 13, "column": 0 }, "end": { "line": 13, "column": 10 } },
      "13": { "start": { "line": 14, "column": 0 }, "end": { "line": 14, "column": 4 } },
      "14": { "start": { "line": 15, "column": 0 }, "end": { "line": 15, "column": 2 } },
      "15": { "start": { "line": 16, "column": 0 }, "end": { "line": 16, "column": 0 } },
      "16": { "start": { "line": 17, "column": 0 }, "end": { "line": 17, "column": 24 } }
    },
    "s": {
      "0": 1,
      "1": 1,
      "2": 1,
      "3": 1,
      "4": 1,
      "5": 1,
      "6": 1,
      "7": 1,
      "8": 1,
      "9": 1,
      "10": 1,
      "11": 1,
      "12": 1,
      "13": 1,
      "14": 1,
      "15": 1,
      "16": 1
    },
    "branchMap": {
      "0": {
        "type": "branch",
        "line": 6,
        "loc": { "start": { "line": 6, "column": 17 }, "end": { "line": 15, "column": 2 } },
        "locations": [{ "start": { "line": 6, "column": 17 }, "end": { "line": 15, "column": 2 } }]
      }
    },
    "b": { "0": [1] },
    "fnMap": {
      "0": {
        "name": "HomePage",
        "decl": { "start": { "line": 6, "column": 17 }, "end": { "line": 15, "column": 2 } },
        "loc": { "start": { "line": 6, "column": 17 }, "end": { "line": 15, "column": 2 } },
        "line": 6
      }
    },
    "f": { "0": 1 }
  },
  "/home/alancb/estudo/playgrounds/playground-react/app/src/pages/NotFoundPage/NotFoundPage.tsx": {
    "path": "/home/alancb/estudo/playgrounds/playground-react/app/src/pages/NotFoundPage/NotFoundPage.tsx",
    "all": false,
    "statementMap": {
      "0": { "start": { "line": 1, "column": 0 }, "end": { "line": 1, "column": 41 } },
      "1": { "start": { "line": 2, "column": 0 }, "end": { "line": 2, "column": 41 } },
      "2": { "start": { "line": 3, "column": 0 }, "end": { "line": 3, "column": 2 } },
      "3": { "start": { "line": 4, "column": 0 }, "end": { "line": 4, "column": 0 } },
      "4": { "start": { "line": 5, "column": 0 }, "end": { "line": 5, "column": 28 } }
    },
    "s": { "0": 1, "1": 1, "2": 1, "3": 1, "4": 1 },
    "branchMap": {
      "0": {
        "type": "branch",
        "line": 1,
        "loc": { "start": { "line": 1, "column": 21 }, "end": { "line": 3, "column": 2 } },
        "locations": [{ "start": { "line": 1, "column": 21 }, "end": { "line": 3, "column": 2 } }]
      }
    },
    "b": { "0": [1] },
    "fnMap": {
      "0": {
        "name": "NotFoundPage",
        "decl": { "start": { "line": 1, "column": 21 }, "end": { "line": 3, "column": 2 } },
        "loc": { "start": { "line": 1, "column": 21 }, "end": { "line": 3, "column": 2 } },
        "line": 1
      }
    },
    "f": { "0": 1 }
  },
  "/home/alancb/estudo/playgrounds/playground-react/app/src/routes/AppRouter.tsx": {
    "path": "/home/alancb/estudo/playgrounds/playground-react/app/src/routes/AppRouter.tsx",
    "all": false,
    "statementMap": {
      "0": { "start": { "line": 1, "column": 0 }, "end": { "line": 1, "column": 29 } },
      "1": { "start": { "line": 2, "column": 0 }, "end": { "line": 2, "column": 49 } },
      "2": { "start": { "line": 3, "column": 0 }, "end": { "line": 3, "column": 0 } },
      "3": { "start": { "line": 4, "column": 0 }, "end": { "line": 4, "column": 54 } },
      "4": { "start": { "line": 5, "column": 0 }, "end": { "line": 5, "column": 62 } },
      "5": { "start": { "line": 6, "column": 0 }, "end": { "line": 6, "column": 0 } },
      "6": { "start": { "line": 7, "column": 0 }, "end": { "line": 7, "column": 38 } },
      "7": { "start": { "line": 8, "column": 0 }, "end": { "line": 8, "column": 10 } },
      "8": { "start": { "line": 9, "column": 0 }, "end": { "line": 9, "column": 12 } },
      "9": { "start": { "line": 10, "column": 0 }, "end": { "line": 10, "column": 47 } },
      "10": { "start": { "line": 11, "column": 0 }, "end": { "line": 11, "column": 0 } },
      "11": { "start": { "line": 12, "column": 0 }, "end": { "line": 12, "column": 51 } },
      "12": { "start": { "line": 13, "column": 0 }, "end": { "line": 13, "column": 13 } },
      "13": { "start": { "line": 14, "column": 0 }, "end": { "line": 14, "column": 4 } },
      "14": { "start": { "line": 15, "column": 0 }, "end": { "line": 15, "column": 2 } },
      "15": { "start": { "line": 16, "column": 0 }, "end": { "line": 16, "column": 0 } },
      "16": { "start": { "line": 17, "column": 0 }, "end": { "line": 17, "column": 25 } }
    },
    "s": {
      "0": 1,
      "1": 1,
      "2": 1,
      "3": 1,
      "4": 1,
      "5": 1,
      "6": 1,
      "7": 1,
      "8": 1,
      "9": 1,
      "10": 1,
      "11": 1,
      "12": 1,
      "13": 1,
      "14": 1,
      "15": 1,
      "16": 1
    },
    "branchMap": {
      "0": {
        "type": "branch",
        "line": 7,
        "loc": { "start": { "line": 7, "column": 18 }, "end": { "line": 15, "column": 2 } },
        "locations": [{ "start": { "line": 7, "column": 18 }, "end": { "line": 15, "column": 2 } }]
      }
    },
    "b": { "0": [1] },
    "fnMap": {
      "0": {
        "name": "AppRouter",
        "decl": { "start": { "line": 7, "column": 18 }, "end": { "line": 15, "column": 2 } },
        "loc": { "start": { "line": 7, "column": 18 }, "end": { "line": 15, "column": 2 } },
        "line": 7
      }
    },
    "f": { "0": 1 }
  }
}
